#
# There is insufficient memory for the Java Runtime Environment to continue.
# Native memory allocation (malloc) failed to allocate 32744 bytes for ChunkPool::allocate
# Possible reasons:
#   The system is out of physical RAM or swap space
#   The process is running with CompressedOops enabled, and the Java Heap may be blocking the growth of the native heap
# Possible solutions:
#   Reduce memory load on the system
#   Increase physical memory or swap space
#   Check if swap backing store is full
#   Decrease Java heap size (-Xmx/-Xms)
#   Decrease number of Java threads
#   Decrease Java thread stack sizes (-Xss)
#   Set larger code cache with -XX:ReservedCodeCacheSize=
#   JVM is running with Unscaled Compressed Oops mode in which the Java heap is
#     placed in the first 4GB address space. The Java Heap base address is the
#     maximum limit for the native heap growth. Please use -XX:HeapBaseMinAddress
#     to set the Java Heap base and to place the Java Heap above 4GB virtual address.
# This output file may be truncated or incomplete.
#
#  Out of Memory Error (./src/hotspot/share/memory/arena.cpp:81), pid=2620, tid=34988
#
# JRE version: OpenJDK Runtime Environment (11.0.11+9) (build 11.0.11+9-b60-7590822)
# Java VM: OpenJDK 64-Bit Server VM (11.0.11+9-b60-7590822, mixed mode, tiered, compressed oops, g1 gc, windows-amd64)
# No core dump will be written. Minidumps are not enabled by default on client versions of Windows
#

---------------  S U M M A R Y ------------

Command Line: -Xmx64m -Xms64m -Dorg.gradle.appname=gradlew org.gradle.wrapper.GradleWrapperMain app:installRelease -PreactNativeDevServerPort=8081

Host: Intel(R) Core(TM) i7-9750H CPU @ 2.60GHz, 12 cores, 15G,  Windows 10 , 64 bit Build 22000 (10.0.22000.675)
Time: Tue May 31 15:44:52 2022 Hora estándar Montañas, EE.UU. elapsed time: 101.633984 seconds (0d 0h 1m 41s)

---------------  T H R E A D  ---------------

Current thread (0x0000019560fd0800):  JavaThread "C2 CompilerThread0" daemon [_thread_in_native, id=34988, stack(0x0000007245e00000,0x0000007245f00000)]


Current CompileTask:
C2: 101634 1562       4       com.esotericsoftware.kryo.io.Input::require (220 bytes)

Stack: [0x0000007245e00000,0x0000007245f00000]
Native frames: (J=compiled Java code, j=interpreted, Vv=VM code, C=native code)
V  [jvm.dll+0x5f214a]
V  [jvm.dll+0x726fb5]
V  [jvm.dll+0x7285cd]
V  [jvm.dll+0x728c83]
V  [jvm.dll+0x243278]
V  [jvm.dll+0xbc78b]
V  [jvm.dll+0xbca3c]
V  [jvm.dll+0xbc638]
V  [jvm.dll+0x5d14e0]
V  [jvm.dll+0x62214e]
V  [jvm.dll+0x198a28]
V  [jvm.dll+0x1fc2ee]
V  [jvm.dll+0x1fb3d4]
V  [jvm.dll+0x183d6c]
V  [jvm.dll+0x209a57]
V  [jvm.dll+0x2082a1]
V  [jvm.dll+0x6ef58f]
V  [jvm.dll+0x6e80b5]
V  [jvm.dll+0x5f1036]
C  [ucrtbase.dll+0x26c0c]
C  [KERNEL32.DLL+0x154e0]
C  [ntdll.dll+0x485b]


---------------  P R O C E S S  ---------------

Threads class SMR info:
_java_thread_list=0x0000019561cbc820, length=13, elements={
0x000001954b0fb800, 0x0000019560f6c800, 0x0000019560f6d800, 0x0000019561920800,
0x0000019561925000, 0x0000019561926000, 0x0000019560fd0800, 0x0000019560fd5000,
0x0000019560fd6000, 0x0000019561aaa000, 0x0000019562100000, 0x000001956294a000,
0x0000019561d1e800
}

Java Threads: ( => current thread )
  0x000001954b0fb800 JavaThread "main" [_thread_blocked, id=15908, stack(0x0000007245200000,0x0000007245300000)]
  0x0000019560f6c800 JavaThread "Reference Handler" daemon [_thread_blocked, id=11764, stack(0x0000007245900000,0x0000007245a00000)]
  0x0000019560f6d800 JavaThread "Finalizer" daemon [_thread_blocked, id=13116, stack(0x0000007245a00000,0x0000007245b00000)]
  0x0000019561920800 JavaThread "Signal Dispatcher" daemon [_thread_blocked, id=26884, stack(0x0000007245b00000,0x0000007245c00000)]
  0x0000019561925000 JavaThread "Attach Listener" daemon [_thread_blocked, id=2640, stack(0x0000007245c00000,0x0000007245d00000)]
  0x0000019561926000 JavaThread "Service Thread" daemon [_thread_blocked, id=30540, stack(0x0000007245d00000,0x0000007245e00000)]
=>0x0000019560fd0800 JavaThread "C2 CompilerThread0" daemon [_thread_in_native, id=34988, stack(0x0000007245e00000,0x0000007245f00000)]
  0x0000019560fd5000 JavaThread "C1 CompilerThread0" daemon [_thread_blocked, id=32704, stack(0x0000007245f00000,0x0000007246000000)]
  0x0000019560fd6000 JavaThread "Sweeper thread" daemon [_thread_blocked, id=17604, stack(0x0000007246000000,0x0000007246100000)]
  0x0000019561aaa000 JavaThread "Common-Cleaner" daemon [_thread_blocked, id=14264, stack(0x0000007246200000,0x0000007246300000)]
  0x0000019562100000 JavaThread "pool-1-thread-1" [_thread_in_native, id=32672, stack(0x0000007246500000,0x0000007246600000)]
  0x000001956294a000 JavaThread "DisconnectableInputStream source reader" daemon [_thread_in_native, id=32160, stack(0x0000007246600000,0x0000007246700000)]
  0x0000019561d1e800 JavaThread "Forward input" [_thread_blocked, id=27248, stack(0x0000007246700000,0x0000007246800000)]

Other Threads:
  0x0000019560f45000 VMThread "VM Thread" [stack: 0x0000007245800000,0x0000007245900000] [id=23812]
  0x0000019561aa0000 WatcherThread [stack: 0x0000007246100000,0x0000007246200000] [id=14400]
  0x000001954b112800 GCTaskThread "GC Thread#0" [stack: 0x0000007245300000,0x0000007245400000] [id=24172]
  0x00000195625de000 GCTaskThread "GC Thread#1" [stack: 0x0000007246400000,0x0000007246500000] [id=32096]
  0x000001954b11d800 ConcurrentGCThread "G1 Main Marker" [stack: 0x0000007245400000,0x0000007245500000] [id=26128]
  0x000001954b11f000 ConcurrentGCThread "G1 Conc#0" [stack: 0x0000007245500000,0x0000007245600000] [id=33616]
  0x000001954b192000 ConcurrentGCThread "G1 Refine#0" [stack: 0x0000007245600000,0x0000007245700000] [id=33668]
  0x000001954b193000 ConcurrentGCThread "G1 Young RemSet Sampling" [stack: 0x0000007245700000,0x0000007245800000] [id=36192]

Threads with active compile tasks:
C2 CompilerThread0 101691 1562       4       com.esotericsoftware.kryo.io.Input::require (220 bytes)

VM state:not at safepoint (normal execution)

VM Mutex/Monitor currently owned by a thread: None

Heap address: 0x00000000fc000000, size: 64 MB, Compressed Oops mode: 32-bit
Narrow klass base: 0x0000000000000000, Narrow klass shift: 3
Compressed class space size: 1073741824 Address: 0x0000000100000000

Heap:
 garbage-first heap   total 65536K, used 29043K [0x00000000fc000000, 0x0000000100000000)
  region size 1024K, 23 young (23552K), 3 survivors (3072K)
 Metaspace       used 16210K, capacity 16510K, committed 16640K, reserved 1064960K
  class space    used 1857K, capacity 1975K, committed 2048K, reserved 1048576K
Heap Regions: E=young(eden), S=young(survivor), O=old, HS=humongous(starts), HC=humongous(continues), CS=collection set, F=free, A=archive, TAMS=top-at-mark-start (previous, next)
|   0|0x00000000fc000000, 0x00000000fc000000, 0x00000000fc100000|  0%| F|  |TAMS 0x00000000fc000000, 0x00000000fc000000| Untracked 
|   1|0x00000000fc100000, 0x00000000fc100000, 0x00000000fc200000|  0%| F|  |TAMS 0x00000000fc100000, 0x00000000fc100000| Untracked 
|   2|0x00000000fc200000, 0x00000000fc200000, 0x00000000fc300000|  0%| F|  |TAMS 0x00000000fc200000, 0x00000000fc200000| Untracked 
|   3|0x00000000fc300000, 0x00000000fc400000, 0x00000000fc400000|100%|HS|  |TAMS 0x00000000fc300000, 0x00000000fc300000| Complete 
|   4|0x00000000fc400000, 0x00000000fc500000, 0x00000000fc500000|100%|HC|  |TAMS 0x00000000fc400000, 0x00000000fc400000| Complete 
|   5|0x00000000fc500000, 0x00000000fc600000, 0x00000000fc600000|100%|HC|  |TAMS 0x00000000fc500000, 0x00000000fc500000| Complete 
|   6|0x00000000fc600000, 0x00000000fc700000, 0x00000000fc700000|100%| O|  |TAMS 0x00000000fc600000, 0x00000000fc600000| Untracked 
|   7|0x00000000fc700000, 0x00000000fc800000, 0x00000000fc800000|100%| O|  |TAMS 0x00000000fc700000, 0x00000000fc700000| Untracked 
|   8|0x00000000fc800000, 0x00000000fc900000, 0x00000000fc900000|100%| O|  |TAMS 0x00000000fc800000, 0x00000000fc800000| Untracked 
|   9|0x00000000fc900000, 0x00000000fc95ce00, 0x00000000fca00000| 36%| O|  |TAMS 0x00000000fc900000, 0x00000000fc900000| Untracked 
|  10|0x00000000fca00000, 0x00000000fca00000, 0x00000000fcb00000|  0%| F|  |TAMS 0x00000000fca00000, 0x00000000fca00000| Untracked 
|  11|0x00000000fcb00000, 0x00000000fcb00000, 0x00000000fcc00000|  0%| F|  |TAMS 0x00000000fcb00000, 0x00000000fcb00000| Untracked 
|  12|0x00000000fcc00000, 0x00000000fcc00000, 0x00000000fcd00000|  0%| F|  |TAMS 0x00000000fcc00000, 0x00000000fcc00000| Untracked 
|  13|0x00000000fcd00000, 0x00000000fcd00000, 0x00000000fce00000|  0%| F|  |TAMS 0x00000000fcd00000, 0x00000000fcd00000| Untracked 
|  14|0x00000000fce00000, 0x00000000fce00000, 0x00000000fcf00000|  0%| F|  |TAMS 0x00000000fce00000, 0x00000000fce00000| Untracked 
|  15|0x00000000fcf00000, 0x00000000fcf00000, 0x00000000fd000000|  0%| F|  |TAMS 0x00000000fcf00000, 0x00000000fcf00000| Untracked 
|  16|0x00000000fd000000, 0x00000000fd000000, 0x00000000fd100000|  0%| F|  |TAMS 0x00000000fd000000, 0x00000000fd000000| Untracked 
|  17|0x00000000fd100000, 0x00000000fd100000, 0x00000000fd200000|  0%| F|  |TAMS 0x00000000fd100000, 0x00000000fd100000| Untracked 
|  18|0x00000000fd200000, 0x00000000fd200000, 0x00000000fd300000|  0%| F|  |TAMS 0x00000000fd200000, 0x00000000fd200000| Untracked 
|  19|0x00000000fd300000, 0x00000000fd300000, 0x00000000fd400000|  0%| F|  |TAMS 0x00000000fd300000, 0x00000000fd300000| Untracked 
|  20|0x00000000fd400000, 0x00000000fd400000, 0x00000000fd500000|  0%| F|  |TAMS 0x00000000fd400000, 0x00000000fd400000| Untracked 
|  21|0x00000000fd500000, 0x00000000fd500000, 0x00000000fd600000|  0%| F|  |TAMS 0x00000000fd500000, 0x00000000fd500000| Untracked 
|  22|0x00000000fd600000, 0x00000000fd600000, 0x00000000fd700000|  0%| F|  |TAMS 0x00000000fd600000, 0x00000000fd600000| Untracked 
|  23|0x00000000fd700000, 0x00000000fd700000, 0x00000000fd800000|  0%| F|  |TAMS 0x00000000fd700000, 0x00000000fd700000| Untracked 
|  24|0x00000000fd800000, 0x00000000fd800000, 0x00000000fd900000|  0%| F|  |TAMS 0x00000000fd800000, 0x00000000fd800000| Untracked 
|  25|0x00000000fd900000, 0x00000000fd900000, 0x00000000fda00000|  0%| F|  |TAMS 0x00000000fd900000, 0x00000000fd900000| Untracked 
|  26|0x00000000fda00000, 0x00000000fda00000, 0x00000000fdb00000|  0%| F|  |TAMS 0x00000000fda00000, 0x00000000fda00000| Untracked 
|  27|0x00000000fdb00000, 0x00000000fdb00000, 0x00000000fdc00000|  0%| F|  |TAMS 0x00000000fdb00000, 0x00000000fdb00000| Untracked 
|  28|0x00000000fdc00000, 0x00000000fdc00000, 0x00000000fdd00000|  0%| F|  |TAMS 0x00000000fdc00000, 0x00000000fdc00000| Untracked 
|  29|0x00000000fdd00000, 0x00000000fdd00000, 0x00000000fde00000|  0%| F|  |TAMS 0x00000000fdd00000, 0x00000000fdd00000| Untracked 
|  30|0x00000000fde00000, 0x00000000fde00000, 0x00000000fdf00000|  0%| F|  |TAMS 0x00000000fde00000, 0x00000000fde00000| Untracked 
|  31|0x00000000fdf00000, 0x00000000fdf00000, 0x00000000fe000000|  0%| F|  |TAMS 0x00000000fdf00000, 0x00000000fdf00000| Untracked 
|  32|0x00000000fe000000, 0x00000000fe000000, 0x00000000fe100000|  0%| F|  |TAMS 0x00000000fe000000, 0x00000000fe000000| Untracked 
|  33|0x00000000fe100000, 0x00000000fe100000, 0x00000000fe200000|  0%| F|  |TAMS 0x00000000fe100000, 0x00000000fe100000| Untracked 
|  34|0x00000000fe200000, 0x00000000fe200000, 0x00000000fe300000|  0%| F|  |TAMS 0x00000000fe200000, 0x00000000fe200000| Untracked 
|  35|0x00000000fe300000, 0x00000000fe300000, 0x00000000fe400000|  0%| F|  |TAMS 0x00000000fe300000, 0x00000000fe300000| Untracked 
|  36|0x00000000fe400000, 0x00000000fe400000, 0x00000000fe500000|  0%| F|  |TAMS 0x00000000fe400000, 0x00000000fe400000| Untracked 
|  37|0x00000000fe500000, 0x00000000fe600000, 0x00000000fe600000|100%| S|CS|TAMS 0x00000000fe500000, 0x00000000fe500000| Complete 
|  38|0x00000000fe600000, 0x00000000fe700000, 0x00000000fe700000|100%| S|CS|TAMS 0x00000000fe600000, 0x00000000fe600000| Complete 
|  39|0x00000000fe700000, 0x00000000fe800000, 0x00000000fe800000|100%| S|CS|TAMS 0x00000000fe700000, 0x00000000fe700000| Complete 
|  40|0x00000000fe800000, 0x00000000fe800000, 0x00000000fe900000|  0%| F|  |TAMS 0x00000000fe800000, 0x00000000fe800000| Untracked 
|  41|0x00000000fe900000, 0x00000000fe900000, 0x00000000fea00000|  0%| F|  |TAMS 0x00000000fe900000, 0x00000000fe900000| Untracked 
|  42|0x00000000fea00000, 0x00000000fea00000, 0x00000000feb00000|  0%| F|  |TAMS 0x00000000fea00000, 0x00000000fea00000| Untracked 
|  43|0x00000000feb00000, 0x00000000feb00000, 0x00000000fec00000|  0%| F|  |TAMS 0x00000000feb00000, 0x00000000feb00000| Untracked 
|  44|0x00000000fec00000, 0x00000000fecb8d80, 0x00000000fed00000| 72%| E|  |TAMS 0x00000000fec00000, 0x00000000fec00000| Complete 
|  45|0x00000000fed00000, 0x00000000fee00000, 0x00000000fee00000|100%| E|CS|TAMS 0x00000000fed00000, 0x00000000fed00000| Complete 
|  46|0x00000000fee00000, 0x00000000fef00000, 0x00000000fef00000|100%| E|CS|TAMS 0x00000000fee00000, 0x00000000fee00000| Complete 
|  47|0x00000000fef00000, 0x00000000ff000000, 0x00000000ff000000|100%| E|CS|TAMS 0x00000000fef00000, 0x00000000fef00000| Complete 
|  48|0x00000000ff000000, 0x00000000ff100000, 0x00000000ff100000|100%| E|CS|TAMS 0x00000000ff000000, 0x00000000ff000000| Complete 
|  49|0x00000000ff100000, 0x00000000ff200000, 0x00000000ff200000|100%| E|CS|TAMS 0x00000000ff100000, 0x00000000ff100000| Complete 
|  50|0x00000000ff200000, 0x00000000ff300000, 0x00000000ff300000|100%| E|CS|TAMS 0x00000000ff200000, 0x00000000ff200000| Complete 
|  51|0x00000000ff300000, 0x00000000ff400000, 0x00000000ff400000|100%| E|CS|TAMS 0x00000000ff300000, 0x00000000ff300000| Complete 
|  52|0x00000000ff400000, 0x00000000ff500000, 0x00000000ff500000|100%| E|CS|TAMS 0x00000000ff400000, 0x00000000ff400000| Complete 
|  53|0x00000000ff500000, 0x00000000ff600000, 0x00000000ff600000|100%| E|CS|TAMS 0x00000000ff500000, 0x00000000ff500000| Complete 
|  54|0x00000000ff600000, 0x00000000ff700000, 0x00000000ff700000|100%| E|CS|TAMS 0x00000000ff600000, 0x00000000ff600000| Complete 
|  55|0x00000000ff700000, 0x00000000ff800000, 0x00000000ff800000|100%| E|CS|TAMS 0x00000000ff700000, 0x00000000ff700000| Complete 
|  56|0x00000000ff800000, 0x00000000ff900000, 0x00000000ff900000|100%| E|CS|TAMS 0x00000000ff800000, 0x00000000ff800000| Complete 
|  57|0x00000000ff900000, 0x00000000ffa00000, 0x00000000ffa00000|100%| E|CS|TAMS 0x00000000ff900000, 0x00000000ff900000| Complete 
|  58|0x00000000ffa00000, 0x00000000ffb00000, 0x00000000ffb00000|100%| E|CS|TAMS 0x00000000ffa00000, 0x00000000ffa00000| Complete 
|  59|0x00000000ffb00000, 0x00000000ffc00000, 0x00000000ffc00000|100%| E|CS|TAMS 0x00000000ffb00000, 0x00000000ffb00000| Complete 
|  60|0x00000000ffc00000, 0x00000000ffd00000, 0x00000000ffd00000|100%| E|CS|TAMS 0x00000000ffc00000, 0x00000000ffc00000| Complete 
|  61|0x00000000ffd00000, 0x00000000ffe00000, 0x00000000ffe00000|100%| E|CS|TAMS 0x00000000ffd00000, 0x00000000ffd00000| Complete 
|  62|0x00000000ffe00000, 0x00000000fff00000, 0x00000000fff00000|100%| E|CS|TAMS 0x00000000ffe00000, 0x00000000ffe00000| Complete 
|  63|0x00000000fff00000, 0x0000000100000000, 0x0000000100000000|100%| E|CS|TAMS 0x00000000fff00000, 0x00000000fff00000| Complete 

Card table byte_map: [0x00000195490e0000,0x0000019549100000] _byte_map_base: 0x0000019548900000

Marking Bits (Prev, Next): (CMBitMap*) 0x000001954b11c518, (CMBitMap*) 0x000001954b11c550
 Prev Bits: [0x000001955e150000, 0x000001955e250000)
 Next Bits: [0x000001955e250000, 0x000001955e350000)

Polling page: 0x0000019549090000

Metaspace:

Usage:
  Non-class:     14.19 MB capacity,    14.02 MB ( 99%) used,   158.67 KB (  1%) free+waste,    22.88 KB ( <1%) overhead. 
      Class:      1.93 MB capacity,     1.81 MB ( 94%) used,   106.43 KB (  5%) free+waste,    11.19 KB ( <1%) overhead. 
       Both:     16.12 MB capacity,    15.83 MB ( 98%) used,   265.10 KB (  2%) free+waste,    34.06 KB ( <1%) overhead. 

Virtual space:
  Non-class space:       16.00 MB reserved,      14.25 MB ( 89%) committed 
      Class space:        1.00 GB reserved,       2.00 MB ( <1%) committed 
             Both:        1.02 GB reserved,      16.25 MB (  2%) committed 

Chunk freelists:
   Non-Class:  57.00 KB
       Class:  9.00 KB
        Both:  66.00 KB

MaxMetaspaceSize: 17179869184.00 GB
CompressedClassSpaceSize: 1.00 GB

CodeHeap 'non-profiled nmethods': size=120000Kb used=531Kb max_used=531Kb free=119468Kb
 bounds [0x00000195566c0000, 0x0000019556930000, 0x000001955dbf0000]
CodeHeap 'profiled nmethods': size=120000Kb used=3070Kb max_used=3070Kb free=116929Kb
 bounds [0x000001954f190000, 0x000001954f490000, 0x00000195566c0000]
CodeHeap 'non-nmethods': size=5760Kb used=1104Kb max_used=1118Kb free=4655Kb
 bounds [0x000001954ebf0000, 0x000001954ee60000, 0x000001954f190000]
 total_blobs=1998 nmethods=1575 adapters=335
 compilation: enabled
              stopped_count=0, restarted_count=0
 full_count=0

Compilation events (20 events):
Event: 68.352 Thread 0x0000019560fd5000 1556       3       org.gradle.internal.logging.console.DefaultAnsiExecutor::charactersWritten (22 bytes)
Event: 68.352 Thread 0x0000019560fd5000 nmethod 1556 0x000001954f47d110 code [0x000001954f47d2c0, 0x000001954f47d498]
Event: 69.353 Thread 0x0000019560fd5000 1557       3       org.gradle.internal.logging.console.DefaultColorMap::getColor (38 bytes)
Event: 69.354 Thread 0x0000019560fd5000 nmethod 1557 0x000001954f47d590 code [0x000001954f47d7a0, 0x000001954f47dd88]
Event: 70.360 Thread 0x0000019560fd5000 1558       3       org.gradle.internal.logging.console.ProgressBar::trimToConsole (45 bytes)
Event: 70.360 Thread 0x0000019560fd5000 nmethod 1558 0x000001954f47df90 code [0x000001954f47e160, 0x000001954f47e488]
Event: 77.351 Thread 0x0000019560fd5000 1559       3       org.fusesource.jansi.Ansi::_appendEscapeSequence (83 bytes)
Event: 77.352 Thread 0x0000019560fd5000 nmethod 1559 0x000001954f47e610 code [0x000001954f47e860, 0x000001954f47eff8]
Event: 79.352 Thread 0x0000019560fd5000 1560       3       sun.nio.cs.StreamEncoder::implWrite (137 bytes)
Event: 79.352 Thread 0x0000019560fd5000 nmethod 1560 0x000001954f47f410 code [0x000001954f47f660, 0x000001954f47fe88]
Event: 89.383 Thread 0x0000019560fd5000 1561       3       java.util.ArrayList$Itr::<init> (26 bytes)
Event: 89.383 Thread 0x0000019560fd5000 nmethod 1561 0x000001954f480110 code [0x000001954f4802c0, 0x000001954f480498]
Event: 101.626 Thread 0x0000019560fd0800 1562       4       com.esotericsoftware.kryo.io.Input::require (220 bytes)
Event: 101.626 Thread 0x0000019560fd5000 1563       3       org.gradle.internal.dispatch.ReflectionDispatch::dispatch (9 bytes)
Event: 101.626 Thread 0x0000019560fd5000 nmethod 1563 0x000001954f480590 code [0x000001954f480760, 0x000001954f480968]
Event: 101.626 Thread 0x0000019560fd5000 1564   !   3       org.gradle.internal.dispatch.ReflectionDispatch::dispatch (42 bytes)
Event: 101.628 Thread 0x0000019560fd5000 nmethod 1564 0x000001954f480a10 code [0x000001954f480cc0, 0x000001954f481798]
Event: 101.628 Thread 0x0000019560fd5000 1565   !   3       org.gradle.launcher.daemon.client.DaemonClientConnection::receive (81 bytes)
Event: 101.629 Thread 0x0000019560fd5000 nmethod 1565 0x000001954f481d90 code [0x000001954f4820a0, 0x000001954f483038]
Event: 101.629 Thread 0x0000019560fd5000 1566   !   3       org.gradle.internal.remote.internal.inet.SocketConnection::receive (142 bytes)

GC Heap History (2 events):
Event: 0.600 GC heap before
{Heap before GC invocations=0 (full 0):
 garbage-first heap   total 65536K, used 29696K [0x00000000fc000000, 0x0000000100000000)
  region size 1024K, 24 young (24576K), 0 survivors (0K)
 Metaspace       used 10784K, capacity 11067K, committed 11264K, reserved 1058816K
  class space    used 1134K, capacity 1243K, committed 1280K, reserved 1048576K
}
Event: 0.605 GC heap after
{Heap after GC invocations=1 (full 0):
 garbage-first heap   total 65536K, used 9587K [0x00000000fc000000, 0x0000000100000000)
  region size 1024K, 3 young (3072K), 3 survivors (3072K)
 Metaspace       used 10784K, capacity 11067K, committed 11264K, reserved 1058816K
  class space    used 1134K, capacity 1243K, committed 1280K, reserved 1048576K
}

Deoptimization events (20 events):
Event: 0.663 Thread 0x000001954b0fb800 Uncommon trap: trap_request=0xffffffc6 fr.pc=0x00000195566f0634 relative=0x00000000000011f4
Event: 0.664 Thread 0x000001954b0fb800 Uncommon trap: reason=bimorphic_or_optimized_type_check action=maybe_recompile pc=0x00000195566f0634 method=java.util.HashMap.putVal(ILjava/lang/Object;Ljava/lang/Object;ZZ)Ljava/lang/Object; @ 91 c2
Event: 0.664 Thread 0x000001954b0fb800 DEOPT PACKING pc=0x00000195566f0634 sp=0x00000072452fb890
Event: 0.664 Thread 0x000001954b0fb800 DEOPT UNPACKING pc=0x000001954ec1662f sp=0x00000072452fb830 mode 2
Event: 0.735 Thread 0x000001954b0fb800 DEOPT PACKING pc=0x000001954f23957f sp=0x00000072452f5f60
Event: 0.735 Thread 0x000001954b0fb800 DEOPT UNPACKING pc=0x000001954ec16dde sp=0x00000072452f53b0 mode 0
Event: 0.776 Thread 0x000001954b0fb800 DEOPT PACKING pc=0x000001954f27a730 sp=0x00000072452f8d30
Event: 0.776 Thread 0x000001954b0fb800 DEOPT UNPACKING pc=0x000001954ec16dde sp=0x00000072452f8248 mode 0
Event: 0.788 Thread 0x000001954b0fb800 Uncommon trap: trap_request=0xffffff4d fr.pc=0x0000019556718160 relative=0x00000000000001a0
Event: 0.788 Thread 0x000001954b0fb800 Uncommon trap: reason=unstable_if action=reinterpret pc=0x0000019556718160 method=java.util.HashMap.getNode(ILjava/lang/Object;)Ljava/util/HashMap$Node; @ 129 c2
Event: 0.788 Thread 0x000001954b0fb800 DEOPT PACKING pc=0x0000019556718160 sp=0x00000072452faed0
Event: 0.788 Thread 0x000001954b0fb800 DEOPT UNPACKING pc=0x000001954ec1662f sp=0x00000072452fadd0 mode 2
Event: 2.243 Thread 0x000001954b0fb800 Uncommon trap: trap_request=0xffffff4d fr.pc=0x00000195566f720c relative=0x000000000000054c
Event: 2.243 Thread 0x000001954b0fb800 Uncommon trap: reason=unstable_if action=reinterpret pc=0x00000195566f720c method=java.lang.AbstractStringBuilder.append(Ljava/lang/String;)Ljava/lang/AbstractStringBuilder; @ 1 c2
Event: 2.243 Thread 0x000001954b0fb800 DEOPT PACKING pc=0x00000195566f720c sp=0x00000072452fcd00
Event: 2.243 Thread 0x000001954b0fb800 DEOPT UNPACKING pc=0x000001954ec1662f sp=0x00000072452fcc90 mode 2
Event: 2.243 Thread 0x000001954b0fb800 Uncommon trap: trap_request=0xffffff4d fr.pc=0x00000195566f6744 relative=0x0000000000000584
Event: 2.243 Thread 0x000001954b0fb800 Uncommon trap: reason=unstable_if action=reinterpret pc=0x00000195566f6744 method=java.lang.AbstractStringBuilder.append(Ljava/lang/String;)Ljava/lang/AbstractStringBuilder; @ 1 c2
Event: 2.243 Thread 0x000001954b0fb800 DEOPT PACKING pc=0x00000195566f6744 sp=0x00000072452fccb0
Event: 2.243 Thread 0x000001954b0fb800 DEOPT UNPACKING pc=0x000001954ec1662f sp=0x00000072452fcc98 mode 2

Classes redefined (0 events):
No events

Internal exceptions (14 events):
Event: 0.219 Thread 0x000001954b0fb800 Exception <a 'java/lang/NoSuchMethodError'{0x00000000ffc59510}: 'int java.lang.invoke.DirectMethodHandle$Holder.invokeStaticInit(java.lang.Object, java.lang.Object)'> (0x00000000ffc59510) thrown at [./src/hotspot/share/interpreter/linkResolver.cpp, line 773]
Event: 0.245 Thread 0x000001954b0fb800 Exception <a 'java/lang/NoSuchMethodError'{0x00000000ffb1fa88}: 'int java.lang.invoke.DirectMethodHandle$Holder.invokeSpecial(java.lang.Object, java.lang.Object, java.lang.Object, java.lang.Object)'> (0x00000000ffb1fa88) thrown at [./src/hotspot/share/interpreter/linkResolver.cpp, line 773]
Event: 0.250 Thread 0x000001954b0fb800 Exception <a 'java/lang/NoSuchMethodError'{0x00000000ffb562d0}: 'int java.lang.invoke.DirectMethodHandle$Holder.invokeSpecialIFC(java.lang.Object, java.lang.Object, int)'> (0x00000000ffb562d0) thrown at [./src/hotspot/share/interpreter/linkResolver.cpp, line 773]
Event: 0.549 Thread 0x000001954b0fb800 Implicit null exception at 0x00000195566fed75 to 0x00000195566fef44
Event: 0.578 Thread 0x000001954b0fb800 Exception <a 'java/lang/NoClassDefFoundError'{0x00000000fe93bea8}: org/slf4j/impl/StaticMarkerBinder> (0x00000000fe93bea8) thrown at [./src/hotspot/share/classfile/systemDictionary.cpp, line 220]
Event: 0.587 Thread 0x000001954b0fb800 Exception <a 'java/lang/NoSuchMethodError'{0x00000000fe82db18}: 'java.lang.Object java.lang.invoke.DirectMethodHandle$Holder.invokeVirtual(java.lang.Object, java.lang.Object, java.lang.Object, java.lang.Object, java.lang.Object, java.lang.Object, java.lang.Object)'> (0x00000000fe82db18) thrown at [./src/hotspot/share/interpreter/linkResolver.cpp, line 773]
Event: 0.589 Thread 0x000001954b0fb800 Exception <a 'java/lang/NoSuchMethodError'{0x00000000fe841228}: 'java.lang.Object java.lang.invoke.Invokers$Holder.invoker(java.lang.Object, java.lang.Object, java.lang.Object)'> (0x00000000fe841228) thrown at [./src/hotspot/share/interpreter/linkResolver.cpp, line 773]
Event: 0.591 Thread 0x000001954b0fb800 Exception <a 'java/lang/NoSuchMethodError'{0x00000000fe851cf8}: 'void java.lang.invoke.DelegatingMethodHandle$Holder.delegate(java.lang.Object, java.lang.Object, int, java.lang.Object)'> (0x00000000fe851cf8) thrown at [./src/hotspot/share/interpreter/linkResolver.cpp, line 773]
Event: 0.684 Thread 0x000001954b0fb800 Exception <a 'java/lang/NoSuchMethodError'{0x00000000ff93c618}: 'java.lang.Object java.lang.invoke.DirectMethodHandle$Holder.invokeInterface(java.lang.Object, java.lang.Object, java.lang.Object)'> (0x00000000ff93c618) thrown at [./src/hotspot/share/interpreter/linkResolver.cpp, line 773]
Event: 0.724 Thread 0x000001954b0fb800 Exception <a 'java/lang/NoSuchMethodError'{0x00000000ff7caf78}: 'java.lang.Object java.lang.invoke.DirectMethodHandle$Holder.invokeStaticInit(java.lang.Object, java.lang.Object, java.lang.Object)'> (0x00000000ff7caf78) thrown at [./src/hotspot/share/interpreter/linkResolver.cpp, line 773]
Event: 0.801 Thread 0x000001954b0fb800 Exception <a 'java/lang/NoSuchMethodError'{0x00000000ff155208}: 'java.lang.Object java.lang.invoke.DirectMethodHandle$Holder.invokeStaticInit(java.lang.Object, int, int, int, int)'> (0x00000000ff155208) thrown at [./src/hotspot/share/interpreter/linkResolver.cpp, line 773]
Event: 1.389 Thread 0x000001954b0fb800 Exception <a 'java/lang/NoSuchMethodError'{0x00000000ff1c2130}: 'java.lang.Object java.lang.invoke.DirectMethodHandle$Holder.invokeStaticInit(java.lang.Object, java.lang.Object, int, int, int, int)'> (0x00000000ff1c2130) thrown at [./src/hotspot/share/interpreter/linkResolver.cpp, line 773]
Event: 2.243 Thread 0x000001954b0fb800 Implicit null exception at 0x00000195566f6cf7 to 0x00000195566f71f4
Event: 2.243 Thread 0x000001954b0fb800 Implicit null exception at 0x00000195566f61f4 to 0x00000195566f672c

Events (20 events):
Event: 12.293 loading class java/io/ObjectInputFilter
Event: 12.293 loading class java/io/ObjectInputFilter done
Event: 12.293 loading class jdk/internal/misc/JavaObjectInputFilterAccess
Event: 12.293 loading class jdk/internal/misc/JavaObjectInputFilterAccess done
Event: 12.293 loading class java/io/Bits
Event: 12.293 loading class java/io/Bits done
Event: 12.293 loading class org/gradle/internal/serialize/ExceptionReplacingObjectInputStream$1
Event: 12.293 loading class org/gradle/internal/serialize/ExceptionReplacingObjectInputStream$1 done
Event: 12.352 loading class com/google/common/base/Objects
Event: 12.352 loading class com/google/common/base/Objects done
Event: 12.352 loading class com/google/common/base/ExtraObjectsMethodsForWeb
Event: 12.352 loading class com/google/common/base/ExtraObjectsMethodsForWeb done
Event: 14.249 loading class org/gradle/internal/logging/text/AbstractLineChoppingStyledTextOutput$StateContext
Event: 14.249 loading class org/gradle/internal/logging/text/AbstractLineChoppingStyledTextOutput$StateContext done
Event: 14.250 loading class org/gradle/internal/logging/console/DefaultTextArea$2
Event: 14.250 loading class org/gradle/internal/logging/console/DefaultTextArea$2 done
Event: 14.250 loading class org/gradle/internal/logging/console/DefaultTextArea$2$1
Event: 14.250 loading class org/gradle/internal/logging/console/DefaultTextArea$2$1 done
Event: 25.855 Thread 0x0000019561c9d000 Thread added: 0x0000019561c9d000
Event: 26.057 Thread 0x0000019561c9d000 Thread exited: 0x0000019561c9d000


Dynamic libraries:
0x00007ff787b70000 - 0x00007ff787b7a000 	C:\Program Files\Android\Android Studio\jre\bin\java.exe
0x00007ffd5b3c0000 - 0x00007ffd5b5c9000 	C:\WINDOWS\SYSTEM32\ntdll.dll
0x00007ffd1ae20000 - 0x00007ffd1ae36000 	C:\Program Files\AVAST Software\Avast\aswhook.dll
0x00007ffd5a190000 - 0x00007ffd5a24d000 	C:\WINDOWS\System32\KERNEL32.DLL
0x00007ffd58c30000 - 0x00007ffd58fa9000 	C:\WINDOWS\System32\KERNELBASE.dll
0x00007ffd59020000 - 0x00007ffd59131000 	C:\WINDOWS\System32\ucrtbase.dll
0x00007ffd3d3f0000 - 0x00007ffd3d409000 	C:\Program Files\Android\Android Studio\jre\bin\jli.dll
0x00007ffd3d7b0000 - 0x00007ffd3d7c7000 	C:\Program Files\Android\Android Studio\jre\bin\VCRUNTIME140.dll
0x00007ffd59b80000 - 0x00007ffd59d2c000 	C:\WINDOWS\System32\USER32.dll
0x00007ffd3d900000 - 0x00007ffd3dba5000 	C:\WINDOWS\WinSxS\amd64_microsoft.windows.common-controls_6595b64144ccf1df_6.0.22000.120_none_9d947278b86cc467\COMCTL32.dll
0x00007ffd58ae0000 - 0x00007ffd58b06000 	C:\WINDOWS\System32\win32u.dll
0x00007ffd5b270000 - 0x00007ffd5b299000 	C:\WINDOWS\System32\GDI32.dll
0x00007ffd59f80000 - 0x00007ffd5a023000 	C:\WINDOWS\System32\msvcrt.dll
0x00007ffd58b10000 - 0x00007ffd58c22000 	C:\WINDOWS\System32\gdi32full.dll
0x00007ffd591c0000 - 0x00007ffd5925d000 	C:\WINDOWS\System32\msvcp_win.dll
0x00007ffd59ed0000 - 0x00007ffd59f01000 	C:\WINDOWS\System32\IMM32.DLL
0x00007ffd1dd60000 - 0x00007ffd1ddfd000 	C:\Program Files\Android\Android Studio\jre\bin\msvcp140.dll
0x00007ffc8c3e0000 - 0x00007ffc8ceb5000 	C:\Program Files\Android\Android Studio\jre\bin\server\jvm.dll
0x00007ffd5b2a0000 - 0x00007ffd5b34e000 	C:\WINDOWS\System32\ADVAPI32.dll
0x00007ffd5a090000 - 0x00007ffd5a12e000 	C:\WINDOWS\System32\sechost.dll
0x00007ffd5a740000 - 0x00007ffd5a860000 	C:\WINDOWS\System32\RPCRT4.dll
0x00007ffd5b370000 - 0x00007ffd5b378000 	C:\WINDOWS\System32\PSAPI.DLL
0x00007ffd3c4e0000 - 0x00007ffd3c4e9000 	C:\WINDOWS\SYSTEM32\WSOCK32.dll
0x00007ffd4fdf0000 - 0x00007ffd4fe23000 	C:\WINDOWS\SYSTEM32\WINMM.dll
0x00007ffd4ee90000 - 0x00007ffd4ee9a000 	C:\WINDOWS\SYSTEM32\VERSION.dll
0x00007ffd5a2d0000 - 0x00007ffd5a33f000 	C:\WINDOWS\System32\WS2_32.dll
0x00007ffd57a60000 - 0x00007ffd57a78000 	C:\WINDOWS\SYSTEM32\kernel.appcore.dll
0x00007ffd3cf40000 - 0x00007ffd3cf51000 	C:\Program Files\Android\Android Studio\jre\bin\verify.dll
0x00007ffd562b0000 - 0x00007ffd564d1000 	C:\WINDOWS\SYSTEM32\DBGHELP.DLL
0x00007ffd4e130000 - 0x00007ffd4e161000 	C:\WINDOWS\SYSTEM32\dbgcore.DLL
0x00007ffd59140000 - 0x00007ffd591bf000 	C:\WINDOWS\System32\bcryptPrimitives.dll
0x00007ffd34cb0000 - 0x00007ffd34cd9000 	C:\Program Files\Android\Android Studio\jre\bin\java.dll
0x00007ffd507e0000 - 0x00007ffd507eb000 	C:\Program Files\Android\Android Studio\jre\bin\jimage.dll
0x00007ffd3ce80000 - 0x00007ffd3ce98000 	C:\Program Files\Android\Android Studio\jre\bin\zip.dll
0x00007ffd5a8f0000 - 0x00007ffd5b09f000 	C:\WINDOWS\System32\SHELL32.dll
0x00007ffd569b0000 - 0x00007ffd57218000 	C:\WINDOWS\SYSTEM32\windows.storage.dll
0x00007ffd59380000 - 0x00007ffd596f8000 	C:\WINDOWS\System32\combase.dll
0x00007ffd56840000 - 0x00007ffd569a6000 	C:\WINDOWS\SYSTEM32\wintypes.dll
0x00007ffd5b180000 - 0x00007ffd5b26a000 	C:\WINDOWS\System32\SHCORE.dll
0x00007ffd5a030000 - 0x00007ffd5a08d000 	C:\WINDOWS\System32\shlwapi.dll
0x00007ffd587e0000 - 0x00007ffd58801000 	C:\WINDOWS\SYSTEM32\profapi.dll
0x00007ffd352c0000 - 0x00007ffd352da000 	C:\Program Files\Android\Android Studio\jre\bin\net.dll
0x00007ffd51770000 - 0x00007ffd5187c000 	C:\WINDOWS\SYSTEM32\WINHTTP.dll
0x00007ffd57e90000 - 0x00007ffd57ef7000 	C:\WINDOWS\system32\mswsock.dll
0x00007ffd34c90000 - 0x00007ffd34ca4000 	C:\Program Files\Android\Android Studio\jre\bin\nio.dll
0x00007ffd48180000 - 0x00007ffd481a7000 	C:\Users\88473\.gradle\native\e1d6ef7f7dcc3fd88c89a11ec53ec762bb8ba0a96d01ffa2cd45eb1d1d8dd5c5\windows-amd64\native-platform.dll
0x00007ffd54d70000 - 0x00007ffd54d7a000 	C:\Users\88473\.gradle\native\jansi\1.18\windows64\jansi.dll
0x00007ffd4ee60000 - 0x00007ffd4ee6a000 	C:\Program Files\Android\Android Studio\jre\bin\management.dll
0x00007ffd4dcf0000 - 0x00007ffd4dcfd000 	C:\Program Files\Android\Android Studio\jre\bin\management_ext.dll
0x00007ffd580f0000 - 0x00007ffd58108000 	C:\WINDOWS\SYSTEM32\CRYPTSP.dll
0x00007ffd579c0000 - 0x00007ffd579f5000 	C:\WINDOWS\system32\rsaenh.dll
0x00007ffd57f50000 - 0x00007ffd57f79000 	C:\WINDOWS\SYSTEM32\USERENV.dll
0x00007ffd58290000 - 0x00007ffd582b7000 	C:\WINDOWS\SYSTEM32\bcrypt.dll
0x00007ffd58110000 - 0x00007ffd5811c000 	C:\WINDOWS\SYSTEM32\CRYPTBASE.dll
0x00007ffd574a0000 - 0x00007ffd574cd000 	C:\WINDOWS\SYSTEM32\IPHLPAPI.DLL
0x00007ffd59f10000 - 0x00007ffd59f19000 	C:\WINDOWS\System32\NSI.dll
0x00007ffd51620000 - 0x00007ffd51639000 	C:\WINDOWS\SYSTEM32\dhcpcsvc6.DLL
0x00007ffd51b50000 - 0x00007ffd51b6e000 	C:\WINDOWS\SYSTEM32\dhcpcsvc.DLL
0x00007ffd57500000 - 0x00007ffd575e8000 	C:\WINDOWS\SYSTEM32\DNSAPI.dll

dbghelp: loaded successfully - version: 4.0.5 - missing functions: none
symbol engine: initialized successfully - sym options: 0x614 - pdb path: .;C:\Program Files\Android\Android Studio\jre\bin;C:\WINDOWS\SYSTEM32;C:\Program Files\AVAST Software\Avast;C:\WINDOWS\WinSxS\amd64_microsoft.windows.common-controls_6595b64144ccf1df_6.0.22000.120_none_9d947278b86cc467;C:\Program Files\Android\Android Studio\jre\bin\server;C:\Users\88473\.gradle\native\e1d6ef7f7dcc3fd88c89a11ec53ec762bb8ba0a96d01ffa2cd45eb1d1d8dd5c5\windows-amd64;C:\Users\88473\.gradle\native\jansi\1.18\windows64

VM Arguments:
jvm_args: -Xmx64m -Xms64m -Dorg.gradle.appname=gradlew 
java_command: org.gradle.wrapper.GradleWrapperMain app:installRelease -PreactNativeDevServerPort=8081
java_class_path (initial): D:\dev\front\funcionario_3\IngresosMovil\android\\gradle\wrapper\gradle-wrapper.jar
Launcher Type: SUN_STANDARD

[Global flags]
     intx CICompilerCount                          = 4                                         {product} {ergonomic}
     uint ConcGCThreads                            = 3                                         {product} {ergonomic}
     uint G1ConcRefinementThreads                  = 10                                        {product} {ergonomic}
   size_t G1HeapRegionSize                         = 1048576                                   {product} {ergonomic}
    uintx GCDrainStackTargetSize                   = 64                                        {product} {ergonomic}
   size_t InitialHeapSize                          = 67108864                                  {product} {command line}
   size_t MarkStackSize                            = 4194304                                   {product} {ergonomic}
   size_t MaxHeapSize                              = 67108864                                  {product} {command line}
   size_t MaxNewSize                               = 39845888                                  {product} {ergonomic}
   size_t MinHeapDeltaBytes                        = 1048576                                   {product} {ergonomic}
    uintx NonNMethodCodeHeapSize                   = 5836300                                {pd product} {ergonomic}
    uintx NonProfiledCodeHeapSize                  = 122910970                              {pd product} {ergonomic}
    uintx ProfiledCodeHeapSize                     = 122910970                              {pd product} {ergonomic}
    uintx ReservedCodeCacheSize                    = 251658240                              {pd product} {ergonomic}
     bool SegmentedCodeCache                       = true                                      {product} {ergonomic}
     bool UseCompressedClassPointers               = true                                 {lp64_product} {ergonomic}
     bool UseCompressedOops                        = true                                 {lp64_product} {ergonomic}
     bool UseG1GC                                  = true                                      {product} {ergonomic}
     bool UseLargePagesIndividualAllocation        = false                                  {pd product} {ergonomic}

Logging:
Log output configuration:
 #0: stdout all=warning uptime,level,tags
 #1: stderr all=off uptime,level,tags

Environment Variables:
JAVA_HOME=C:\Program Files\Android\Android Studio\jre
CLASSPATH=D:\dev\front\funcionario_3\IngresosMovil\android\\gradle\wrapper\gradle-wrapper.jar
PATH=C:\Users\88473\bin;C:\Program Files\Git\mingw64\bin;C:\Program Files\Git\usr\local\bin;C:\Program Files\Git\usr\bin;C:\Program Files\Git\usr\bin;C:\Program Files\Git\mingw64\bin;C:\Program Files\Git\usr\bin;C:\Users\88473\bin;C:\Python310\Scripts;C:\Python310;C:\Program Files\Common Files\Oracle\Java\javapath;C:\Program Files (x86)\Razer Chroma SDK\bin;C:\Program Files\Razer Chroma SDK\bin;C:\Program Files (x86)\VMware\VMware Player\bin;C:\Program Files (x86)\Razer\ChromaBroadcast\bin;C:\Program Files\Razer\ChromaBroadcast\bin;C:\Program Files (x86)\Common Files\Oracle\Java\javapath;C:\Windows\system32;C:\Windows;C:\Windows\System32\Wbem;C:\Windows\System32\WindowsPowerShell\v1.0;C:\Windows\System32\OpenSSH;C:\Program Files\Intel\WiFi\bin;C:\Program Files\Common Files\Intel\WirelessCommon;C:\Program Files (x86)\NVIDIA Corporation\PhysX\Common;C:\Program Files\NVIDIA Corporation\NVIDIA NvDLISR;C:\WINDOWS\system32;C:\WINDOWS;C:\WINDOWS\System32\Wbem;C:\WINDOWS\System32\WindowsPowerShell\v1.0;C:\WINDOWS\System32\OpenSSH;C:\xampp\php;C:\ProgramData\ComposerSetup\bin;C:\Program Files\Git\cmd;C:\WINDOWS\system32\config\systemprofile\AppData\Local\Microsoft\WindowsApps;C:\ProgramData\chocolatey\bin;C:\Users\88473\AppData\Roaming\nvm;C:\Program Files\nodejs;C:\Program Files\Docker\Docker\resources\bin;C:\ProgramData\DockerDesktop\version-bin;C:\Program Files\MySQL\MySQL Server 8.0\bin;C:\Users\88473\AppData\Local\Android\Sdk;C:\Users\88473\AppData\Local\Android\Sdk\platform-tools;C:\Users\88473\AppData\Roaming\npm;C:\Users\88473\AppData\Roaming\npm;C:\Users\88473\AppData\Local\Programs\Microsoft VS Code\bin;C:\Program Files\Git\usr\bin\vendor_perl;C:\Program Files\Git\usr\bin\core_perl
USERNAME=88473
SHELL=C:\Program Files\Git\usr\bin\bash.exe
DISPLAY=needs-to-be-defined
LANG=es_ES.UTF-8
LC_CTYPE=es_ES.UTF-8
OS=Windows_NT
PROCESSOR_IDENTIFIER=Intel64 Family 6 Model 158 Stepping 10, GenuineIntel



---------------  S Y S T E M  ---------------

OS: Windows 10 , 64 bit Build 22000 (10.0.22000.675)
OS uptime: 0 days 16:49 hours
Hyper-V role detected

CPU:total 12 (initial active 12) (6 cores per cpu, 2 threads per core) family 6 model 158 stepping 10 microcode 0xea, cmov, cx8, fxsr, mmx, sse, sse2, sse3, ssse3, sse4.1, sse4.2, popcnt, avx, avx2, aes, clmul, erms, 3dnowpref, lzcnt, ht, tsc, tscinvbit, bmi1, bmi2, adx, fma

Memory: 4k page, system-wide physical 16201M (673M free)
TotalPageFile size 27651M (AvailPageFile size 548M)
current process WorkingSet (physical memory assigned to process): 96M, peak: 102M
current process commit charge ("private bytes"): 164M, peak: 172M

vm_info: OpenJDK 64-Bit Server VM (11.0.11+9-b60-7590822) for windows-amd64 JRE (11.0.11+9-b60-7590822), built on Jul 29 2021 21:43:44 by "builder" with MS VC++ 14.0 (VS2015)

END.
