#
# There is insufficient memory for the Java Runtime Environment to continue.
# Native memory allocation (mmap) failed to map 67108864 bytes for Failed to commit area from 0x00000000fc000000 to 0x0000000100000000 of length 67108864.
# Possible reasons:
#   The system is out of physical RAM or swap space
#   The process is running with CompressedOops enabled, and the Java Heap may be blocking the growth of the native heap
# Possible solutions:
#   Reduce memory load on the system
#   Increase physical memory or swap space
#   Check if swap backing store is full
#   Decrease Java heap size (-Xmx/-Xms)
#   Decrease number of Java threads
#   Decrease Java thread stack sizes (-Xss)
#   Set larger code cache with -XX:ReservedCodeCacheSize=
# This output file may be truncated or incomplete.
#
#  Out of Memory Error (./src/hotspot/os/windows/os_windows.cpp:3301), pid=28932, tid=5064
#
# JRE version:  (11.0.11+9) (build )
# Java VM: OpenJDK 64-Bit Server VM (11.0.11+9-b60-7590822, mixed mode, sharing, tiered, compressed oops, g1 gc, windows-amd64)
# No core dump will be written. Minidumps are not enabled by default on client versions of Windows
#

---------------  S U M M A R Y ------------

Command Line: -Xmx64m -Xms64m -Dorg.gradle.appname=gradlew org.gradle.wrapper.GradleWrapperMain app:installDebug -PreactNativeDevServerPort=8081

Host: Intel(R) Core(TM) i7-9750H CPU @ 2.60GHz, 12 cores, 15G,  Windows 10 , 64 bit Build 22000 (10.0.22000.708)
Time: Fri Jul 29 09:44:13 2022 Hora estándar Montañas, EE.UU. elapsed time: 0.015101 seconds (0d 0h 0m 0s)

---------------  T H R E A D  ---------------

Current thread (0x000002d28535b800):  JavaThread "Unknown thread" [_thread_in_vm, id=5064, stack(0x000000fa16500000,0x000000fa16600000)]

Stack: [0x000000fa16500000,0x000000fa16600000]
Native frames: (J=compiled Java code, j=interpreted, Vv=VM code, C=native code)
V  [jvm.dll+0x5f214a]
V  [jvm.dll+0x726fb5]
V  [jvm.dll+0x7285cd]
V  [jvm.dll+0x728c83]
V  [jvm.dll+0x243278]
V  [jvm.dll+0x5ef544]
V  [jvm.dll+0x5e4495]
V  [jvm.dll+0x2fec5b]
V  [jvm.dll+0x2febca]
V  [jvm.dll+0x2feaa2]
V  [jvm.dll+0x303986]
V  [jvm.dll+0x34c3a3]
V  [jvm.dll+0x34caa6]
V  [jvm.dll+0x34c4a3]
V  [jvm.dll+0x2d9688]
V  [jvm.dll+0x2da837]
V  [jvm.dll+0x705ba7]
V  [jvm.dll+0x70739c]
V  [jvm.dll+0x3598f9]
V  [jvm.dll+0x6e931e]
V  [jvm.dll+0x3c1c43]
V  [jvm.dll+0x3c3e81]
C  [jli.dll+0x5373]
C  [ucrtbase.dll+0x26c0c]
C  [KERNEL32.DLL+0x154e0]
C  [ntdll.dll+0x485b]


---------------  P R O C E S S  ---------------

Threads class SMR info:
_java_thread_list=0x000002d2830b5f50, length=0, elements={
}

Java Threads: ( => current thread )

Other Threads:
  0x000002d28536d800 GCTaskThread "GC Thread#0" [stack: 0x000000fa16600000,0x000000fa16700000] [id=8548]
  0x000002d285376000 ConcurrentGCThread "G1 Main Marker" [stack: 0x000000fa16700000,0x000000fa16800000] [id=29628]
  0x000002d285377800 ConcurrentGCThread "G1 Conc#0" [stack: 0x000000fa16800000,0x000000fa16900000] [id=15372]

[error occurred during error reporting (printing all threads), id 0xc0000005, EXCEPTION_ACCESS_VIOLATION (0xc0000005) at pc=0x00007fff03e39c47]

VM state:not at safepoint (not fully initialized)

VM Mutex/Monitor currently owned by a thread:  ([mutex/lock_event])
[0x000002d285357e20] Heap_lock - owner thread: 0x000002d28535b800

Heap address: 0x00000000fc000000, size: 64 MB, Compressed Oops mode: Non-zero based: 0x00000000fc000000
Narrow klass base: 0x0000000000000000, Narrow klass shift: 0

GC Heap History (0 events):
No events

Deoptimization events (0 events):
No events

Classes redefined (0 events):
No events

Internal exceptions (0 events):
No events

Events (1 events):
Event: 0.008 Loaded shared library C:\Program Files\Android\Android Studio\jre\bin\zip.dll


Dynamic libraries:
0x00007ff6a44f0000 - 0x00007ff6a44fa000 	C:\Program Files\Android\Android Studio\jre\bin\java.exe
0x00007fff903a0000 - 0x00007fff905a9000 	C:\WINDOWS\SYSTEM32\ntdll.dll
0x00007fff432c0000 - 0x00007fff432d7000 	C:\Program Files\AVAST Software\Avast\aswhook.dll
0x00007fff8ef30000 - 0x00007fff8efed000 	C:\WINDOWS\System32\KERNEL32.DLL
0x00007fff8de30000 - 0x00007fff8e1a9000 	C:\WINDOWS\System32\KERNELBASE.dll
0x00007fff8db30000 - 0x00007fff8dc41000 	C:\WINDOWS\System32\ucrtbase.dll
0x00007fff89150000 - 0x00007fff89169000 	C:\Program Files\Android\Android Studio\jre\bin\jli.dll
0x00007fff840a0000 - 0x00007fff840b7000 	C:\Program Files\Android\Android Studio\jre\bin\VCRUNTIME140.dll
0x00007fff8e6f0000 - 0x00007fff8e89c000 	C:\WINDOWS\System32\USER32.dll
0x00007fff79930000 - 0x00007fff79bd5000 	C:\WINDOWS\WinSxS\amd64_microsoft.windows.common-controls_6595b64144ccf1df_6.0.22000.120_none_9d947278b86cc467\COMCTL32.dll
0x00007fff8d880000 - 0x00007fff8d8a6000 	C:\WINDOWS\System32\win32u.dll
0x00007fff8e230000 - 0x00007fff8e2d3000 	C:\WINDOWS\System32\msvcrt.dll
0x00007fff8f070000 - 0x00007fff8f099000 	C:\WINDOWS\System32\GDI32.dll
0x00007fff8d8b0000 - 0x00007fff8d9c2000 	C:\WINDOWS\System32\gdi32full.dll
0x00007fff8d9d0000 - 0x00007fff8da6d000 	C:\WINDOWS\System32\msvcp_win.dll
0x00007fff8e4a0000 - 0x00007fff8e4d1000 	C:\WINDOWS\System32\IMM32.DLL
0x00007fff34920000 - 0x00007fff349bd000 	C:\Program Files\Android\Android Studio\jre\bin\msvcp140.dll
0x00007fff03b50000 - 0x00007fff04625000 	C:\Program Files\Android\Android Studio\jre\bin\server\jvm.dll
0x00007fff902b0000 - 0x00007fff9035e000 	C:\WINDOWS\System32\ADVAPI32.dll
0x00007fff90070000 - 0x00007fff9010e000 	C:\WINDOWS\System32\sechost.dll
0x00007fff8fb40000 - 0x00007fff8fc60000 	C:\WINDOWS\System32\RPCRT4.dll
0x00007fff8e8a0000 - 0x00007fff8e8a8000 	C:\WINDOWS\System32\PSAPI.DLL
0x00007fff78840000 - 0x00007fff78849000 	C:\WINDOWS\SYSTEM32\WSOCK32.dll
0x00007fff85830000 - 0x00007fff85863000 	C:\WINDOWS\SYSTEM32\WINMM.dll
0x00007fff85170000 - 0x00007fff8517a000 	C:\WINDOWS\SYSTEM32\VERSION.dll
0x00007fff8eff0000 - 0x00007fff8f05f000 	C:\WINDOWS\System32\WS2_32.dll
0x00007fff8ca30000 - 0x00007fff8ca48000 	C:\WINDOWS\SYSTEM32\kernel.appcore.dll
0x00007fff79290000 - 0x00007fff792a1000 	C:\Program Files\Android\Android Studio\jre\bin\verify.dll
0x00007fff8ad60000 - 0x00007fff8af81000 	C:\WINDOWS\SYSTEM32\DBGHELP.DLL
0x00007fff7eb60000 - 0x00007fff7eb91000 	C:\WINDOWS\SYSTEM32\dbgcore.DLL
0x00007fff8e1b0000 - 0x00007fff8e22f000 	C:\WINDOWS\System32\bcryptPrimitives.dll
0x00007fff791c0000 - 0x00007fff791e9000 	C:\Program Files\Android\Android Studio\jre\bin\java.dll
0x00007fff89cd0000 - 0x00007fff89cdb000 	C:\Program Files\Android\Android Studio\jre\bin\jimage.dll
0x00007fff78510000 - 0x00007fff78528000 	C:\Program Files\Android\Android Studio\jre\bin\zip.dll

dbghelp: loaded successfully - version: 4.0.5 - missing functions: none
symbol engine: initialized successfully - sym options: 0x614 - pdb path: .;C:\Program Files\Android\Android Studio\jre\bin;C:\WINDOWS\SYSTEM32;C:\Program Files\AVAST Software\Avast;C:\WINDOWS\WinSxS\amd64_microsoft.windows.common-controls_6595b64144ccf1df_6.0.22000.120_none_9d947278b86cc467;C:\Program Files\Android\Android Studio\jre\bin\server

VM Arguments:
jvm_args: -Xmx64m -Xms64m -Dorg.gradle.appname=gradlew 
java_command: org.gradle.wrapper.GradleWrapperMain app:installDebug -PreactNativeDevServerPort=8081
java_class_path (initial): D:\dev\front\funcionario_3\IngresosMovil\android\\gradle\wrapper\gradle-wrapper.jar
Launcher Type: SUN_STANDARD

[Global flags]
     intx CICompilerCount                          = 4                                         {product} {ergonomic}
     uint ConcGCThreads                            = 3                                         {product} {ergonomic}
     uint G1ConcRefinementThreads                  = 10                                        {product} {ergonomic}
   size_t G1HeapRegionSize                         = 1048576                                   {product} {ergonomic}
    uintx GCDrainStackTargetSize                   = 64                                        {product} {ergonomic}
   size_t InitialHeapSize                          = 67108864                                  {product} {command line}
   size_t MarkStackSize                            = 4194304                                   {product} {ergonomic}
   size_t MaxHeapSize                              = 67108864                                  {product} {command line}
   size_t MinHeapDeltaBytes                        = 1048576                                   {product} {ergonomic}
    uintx NonNMethodCodeHeapSize                   = 5836300                                {pd product} {ergonomic}
    uintx NonProfiledCodeHeapSize                  = 122910970                              {pd product} {ergonomic}
    uintx ProfiledCodeHeapSize                     = 122910970                              {pd product} {ergonomic}
    uintx ReservedCodeCacheSize                    = 251658240                              {pd product} {ergonomic}
     bool SegmentedCodeCache                       = true                                      {product} {ergonomic}
     bool UseCompressedClassPointers               = true                                 {lp64_product} {ergonomic}
     bool UseCompressedOops                        = true                                 {lp64_product} {ergonomic}
     bool UseG1GC                                  = true                                      {product} {ergonomic}
     bool UseLargePagesIndividualAllocation        = false                                  {pd product} {ergonomic}

Logging:
Log output configuration:
 #0: stdout all=warning uptime,level,tags
 #1: stderr all=off uptime,level,tags

Environment Variables:
JAVA_HOME=C:\Program Files\Android\Android Studio\jre
CLASSPATH=D:\dev\front\funcionario_3\IngresosMovil\android\\gradle\wrapper\gradle-wrapper.jar
PATH=D:\dev\front\funcionario_3\IngresosMovil\android\node_modules\.bin;D:\dev\front\funcionario_3\IngresosMovil\node_modules\.bin;D:\dev\front\funcionario_3\node_modules\.bin;D:\dev\front\node_modules\.bin;D:\dev\node_modules\.bin;D:\node_modules\.bin;C:\Program Files\nodejs;C:\Python310\Scripts\;C:\Python310\;C:\Program Files\Common Files\Oracle\Java\javapath;C:\Program Files (x86)\Razer Chroma SDK\bin;C:\Program Files\Razer Chroma SDK\bin;C:\Program Files (x86)\VMware\VMware Player\bin\;C:\Program Files (x86)\Razer\ChromaBroadcast\bin;C:\Program Files\Razer\ChromaBroadcast\bin;C:\Program Files (x86)\Common Files\Oracle\Java\javapath;C:\Windows\system32;C:\Windows;C:\Windows\System32\Wbem;C:\Windows\System32\WindowsPowerShell\v1.0\;C:\Windows\System32\OpenSSH\;C:\Program Files\Intel\WiFi\bin\;C:\Program Files\Common Files\Intel\WirelessCommon\;C:\Program Files (x86)\NVIDIA Corporation\PhysX\Common;C:\Program Files\NVIDIA Corporation\NVIDIA NvDLISR;C:\WINDOWS\system32;C:\WINDOWS;C:\WINDOWS\System32\Wbem;C:\WINDOWS\System32\WindowsPowerShell\v1.0\;C:\WINDOWS\System32\OpenSSH\;C:\xampp\php;C:\ProgramData\ComposerSetup\bin;C:\Program Files\Git\cmd;C:\WINDOWS\system32\config\systemprofile\AppData\Local\Microsoft\WindowsApps;C:\ProgramData\chocolatey\bin;C:\Users\88473\AppData\Roaming\nvm;C:\Program Files\nodejs;C:\Program Files\Docker\Docker\resources\bin;C:\ProgramData\DockerDesktop\version-bin;C:\Program Files\MySQL\MySQL Server 8.0\bin;C:\Users\88473\AppData\Local\Android\Sdk;C:\Users\88473\AppData\Local\Android\Sdk\platform-tools;C:\Users\88473\AppData\Roaming\npm;C:\Program Files\MongoDB\Server\4.4\bin;C:\Program Files\MongoDB\Server\4.4\mongodb-database-tools-windows-x86_64-100.5.2\bin;C:\Program Files (x86)\BaseX\bin;C:\Users\88473\AppData\Roaming\npm;C:\Users\88473\AppData\Local\Programs\Microsoft VS Code\bin
USERNAME=88473
LANG=es_ES.UTF-8
OS=Windows_NT
PROCESSOR_IDENTIFIER=Intel64 Family 6 Model 158 Stepping 10, GenuineIntel



---------------  S Y S T E M  ---------------

OS: Windows 10 , 64 bit Build 22000 (10.0.22000.708)
OS uptime: 1 days 2:55 hours
Hyper-V role detected

CPU:total 12 (initial active 12) (6 cores per cpu, 2 threads per core) family 6 model 158 stepping 10 microcode 0xea, cmov, cx8, fxsr, mmx, sse, sse2, sse3, ssse3, sse4.1, sse4.2, popcnt, avx, avx2, aes, clmul, erms, 3dnowpref, lzcnt, ht, tsc, tscinvbit, bmi1, bmi2, adx, fma

Memory: 4k page, system-wide physical 16201M (4019M free)
TotalPageFile size 24131M (AvailPageFile size 5M)
current process WorkingSet (physical memory assigned to process): 10M, peak: 10M
current process commit charge ("private bytes"): 63M, peak: 127M

vm_info: OpenJDK 64-Bit Server VM (11.0.11+9-b60-7590822) for windows-amd64 JRE (11.0.11+9-b60-7590822), built on Jul 29 2021 21:43:44 by "builder" with MS VC++ 14.0 (VS2015)

END.
